# JRE version: OpenJDK Runtime Environment (8.0_252-b09) (build 1.8.0_252-b09)
# Java VM: OpenJDK 64-Bit Server VM (25.252-b09 mixed mode windows-amd64 compressed oops)
Heap:
 PSYoungGen      total 75776K, used 33942K [0x000000076b980000, 0x0000000778480000, 0x00000007c0000000)
  eden space 65024K, 41% used [0x000000076b980000,0x000000076d401ef8,0x000000076f900000)
  from space 10752K, 63% used [0x000000076f900000,0x000000076ffa3cc0,0x0000000770380000)
  to   space 38912K, 0% used [0x0000000775e80000,0x0000000775e80000,0x0000000778480000)
 ParOldGen       total 173568K, used 84019K [0x00000006c2c00000, 0x00000006cd580000, 0x000000076b980000)
  object space 173568K, 48% used [0x00000006c2c00000,0x00000006c7e0cd20,0x00000006cd580000)
 Metaspace       used 9023K, capacity 9202K, committed 9344K, reserved 1056768K
  class space    used 972K, capacity 1063K, committed 1152K, reserved 1048576K
GC Heap History (10 events):
Event: 2.056 GC heap before
{Heap before GC invocations=1 (full 0):
 PSYoungGen      total 75776K, used 64912K [0x000000076b980000, 0x0000000770e00000, 0x00000007c0000000)
  eden space 65024K, 99% used [0x000000076b980000,0x000000076f8e4098,0x000000076f900000)
  from space 10752K, 0% used [0x0000000770380000,0x0000000770380000,0x0000000770e00000)
  to   space 10752K, 0% used [0x000000076f900000,0x000000076f900000,0x0000000770380000)
 ParOldGen       total 173568K, used 0K [0x00000006c2c00000, 0x00000006cd580000, 0x000000076b980000)
  object space 173568K, 0% used [0x00000006c2c00000,0x00000006c2c00000,0x00000006cd580000)
 Metaspace       used 8819K, capacity 9002K, committed 9344K, reserved 1056768K
  class space    used 971K, capacity 1061K, committed 1152K, reserved 1048576K
Event: 2.064 GC heap after
Heap after GC invocations=1 (full 0):
 PSYoungGen      total 75776K, used 7327K [0x000000076b980000, 0x0000000770e00000, 0x00000007c0000000)
  eden space 65024K, 0% used [0x000000076b980000,0x000000076b980000,0x000000076f900000)
  from space 10752K, 68% used [0x000000076f900000,0x0000000770027e08,0x0000000770380000)
  to   space 10752K, 0% used [0x0000000770380000,0x0000000770380000,0x0000000770e00000)
 ParOldGen       total 173568K, used 9822K [0x00000006c2c00000, 0x00000006cd580000, 0x000000076b980000)
  object space 173568K, 5% used [0x00000006c2c00000,0x00000006c3597920,0x00000006cd580000)
 Metaspace       used 8819K, capacity 9002K, committed 9344K, reserved 1056768K
  class space    used 971K, capacity 1061K, committed 1152K, reserved 1048576K
}
Event: 2.610 GC heap before
{Heap before GC invocations=2 (full 0):
 PSYoungGen      total 75776K, used 71628K [0x000000076b980000, 0x0000000770e00000, 0x00000007c0000000)
  eden space 65024K, 98% used [0x000000076b980000,0x000000076f84b530,0x000000076f900000)
  from space 10752K, 68% used [0x000000076f900000,0x0000000770027e08,0x0000000770380000)
  to   space 10752K, 0% used [0x0000000770380000,0x0000000770380000,0x0000000770e00000)
 ParOldGen       total 173568K, used 9822K [0x00000006c2c00000, 0x00000006cd580000, 0x000000076b980000)
  object space 173568K, 5% used [0x00000006c2c00000,0x00000006c3597920,0x00000006cd580000)
 Metaspace       used 8854K, capacity 9002K, committed 9344K, reserved 1056768K
  class space    used 971K, capacity 1061K, committed 1152K, reserved 1048576K
Event: 2.615 GC heap after
Heap after GC invocations=2 (full 0):
 PSYoungGen      total 75776K, used 7215K [0x000000076b980000, 0x0000000770e00000, 0x00000007c0000000)
  eden space 65024K, 0% used [0x000000076b980000,0x000000076b980000,0x000000076f900000)
  from space 10752K, 67% used [0x0000000770380000,0x0000000770a8bca0,0x0000000770e00000)
  to   space 10752K, 0% used [0x000000076f900000,0x000000076f900000,0x0000000770380000)
 ParOldGen       total 173568K, used 19644K [0x00000006c2c00000, 0x00000006cd580000, 0x000000076b980000)
  object space 173568K, 11% used [0x00000006c2c00000,0x00000006c3f2f240,0x00000006cd580000)
 Metaspace       used 8854K, capacity 9002K, committed 9344K, reserved 1056768K
  class space    used 971K, capacity 1061K, committed 1152K, reserved 1048576K
}
Event: 3.124 GC heap before
{Heap before GC invocations=3 (full 0):
 PSYoungGen      total 75776K, used 71399K [0x000000076b980000, 0x0000000770e00000, 0x00000007c0000000)
  eden space 65024K, 98% used [0x000000076b980000,0x000000076f82e090,0x000000076f900000)
  from space 10752K, 67% used [0x0000000770380000,0x0000000770a8bca0,0x0000000770e00000)
  to   space 10752K, 0% used [0x000000076f900000,0x000000076f900000,0x0000000770380000)
 ParOldGen       total 173568K, used 19644K [0x00000006c2c00000, 0x00000006cd580000, 0x000000076b980000)
  object space 173568K, 11% used [0x00000006c2c00000,0x00000006c3f2f240,0x00000006cd580000)
 Metaspace       used 8913K, capacity 9074K, committed 9344K, reserved 1056768K
  class space    used 972K, capacity 1063K, committed 1152K, reserved 1048576K
Event: 3.130 GC heap after
Heap after GC invocations=3 (full 0):
 PSYoungGen      total 75776K, used 10742K [0x000000076b980000, 0x0000000770e00000, 0x00000007c0000000)
  eden space 65024K, 0% used [0x000000076b980000,0x000000076b980000,0x000000076f900000)
  from space 10752K, 99% used [0x000000076f900000,0x000000077037d940,0x0000000770380000)
  to   space 10752K, 0% used [0x0000000770380000,0x0000000770380000,0x0000000770e00000)
 ParOldGen       total 173568K, used 39767K [0x00000006c2c00000, 0x00000006cd580000, 0x000000076b980000)
  object space 173568K, 22% used [0x00000006c2c00000,0x00000006c52d5c10,0x00000006cd580000)
 Metaspace       used 8913K, capacity 9074K, committed 9344K, reserved 1056768K
  class space    used 972K, capacity 1063K, committed 1152K, reserved 1048576K
}
Event: 3.319 GC heap before
{Heap before GC invocations=4 (full 0):
 PSYoungGen      total 75776K, used 74908K [0x000000076b980000, 0x0000000770e00000, 0x00000007c0000000)
  eden space 65024K, 98% used [0x000000076b980000,0x000000076f8297c8,0x000000076f900000)
  from space 10752K, 99% used [0x000000076f900000,0x000000077037d940,0x0000000770380000)
  to   space 10752K, 0% used [0x0000000770380000,0x0000000770380000,0x0000000770e00000)
 ParOldGen       total 173568K, used 39767K [0x00000006c2c00000, 0x00000006cd580000, 0x000000076b980000)
  object space 173568K, 22% used [0x00000006c2c00000,0x00000006c52d5c10,0x00000006cd580000)
 Metaspace       used 8993K, capacity 9138K, committed 9344K, reserved 1056768K
  class space    used 972K, capacity 1063K, committed 1152K, reserved 1048576K
Event: 3.324 GC heap after
Heap after GC invocations=4 (full 0):
 PSYoungGen      total 75776K, used 10726K [0x000000076b980000, 0x0000000774d80000, 0x00000007c0000000)
  eden space 65024K, 0% used [0x000000076b980000,0x000000076b980000,0x000000076f900000)
  from space 10752K, 99% used [0x0000000770380000,0x0000000770df9930,0x0000000770e00000)
  to   space 10752K, 0% used [0x000000076f900000,0x000000076f900000,0x0000000770380000)
 ParOldGen       total 173568K, used 59475K [0x00000006c2c00000, 0x00000006cd580000, 0x000000076b980000)
  object space 173568K, 34% used [0x00000006c2c00000,0x00000006c6614e50,0x00000006cd580000)
 Metaspace       used 8993K, capacity 9138K, committed 9344K, reserved 1056768K
  class space    used 972K, capacity 1063K, committed 1152K, reserved 1048576K
}
Event: 5.274 GC heap before
{Heap before GC invocations=5 (full 0):
 PSYoungGen      total 75776K, used 75523K [0x000000076b980000, 0x0000000774d80000, 0x00000007c0000000)
  eden space 65024K, 99% used [0x000000076b980000,0x000000076f8c7458,0x000000076f900000)
  from space 10752K, 99% used [0x0000000770380000,0x0000000770df9930,0x0000000770e00000)
  to   space 10752K, 0% used [0x000000076f900000,0x000000076f900000,0x0000000770380000)
 ParOldGen       total 173568K, used 59475K [0x00000006c2c00000, 0x00000006cd580000, 0x000000076b980000)
  object space 173568K, 34% used [0x00000006c2c00000,0x00000006c6614e50,0x00000006cd580000)
 Metaspace       used 9005K, capacity 9202K, committed 9344K, reserved 1056768K
  class space    used 972K, capacity 1063K, committed 1152K, reserved 1048576K
Event: 5.289 GC heap after
Heap after GC invocations=5 (full 0):
 PSYoungGen      total 75776K, used 6799K [0x000000076b980000, 0x0000000778480000, 0x00000007c0000000)
  eden space 65024K, 0% used [0x000000076b980000,0x000000076b980000,0x000000076f900000)
  from space 10752K, 63% used [0x000000076f900000,0x000000076ffa3cc0,0x0000000770380000)
  to   space 38912K, 0% used [0x0000000775e80000,0x0000000775e80000,0x0000000778480000)
 ParOldGen       total 173568K, used 84019K [0x00000006c2c00000, 0x00000006cd580000, 0x000000076b980000)
  object space 173568K, 48% used [0x00000006c2c00000,0x00000006c7e0cd20,0x00000006cd580000)
 Metaspace       used 9005K, capacity 9202K, committed 9344K, reserved 1056768K
  class space    used 972K, capacity 1063K, committed 1152K, reserved 1048576K
}

