# JRE version: OpenJDK Runtime Environment (8.0_252-b09) (build 1.8.0_252-b09)
# Java VM: OpenJDK 64-Bit Server VM (25.252-b09 mixed mode windows-amd64 compressed oops)
Heap:
 PSYoungGen      total 274432K, used 179546K [0x000000076b980000, 0x000000077e580000, 0x00000007c0000000)
  eden space 255488K, 62% used [0x000000076b980000,0x000000077565c5c0,0x000000077b300000)
  from space 18944K, 99% used [0x000000077ca00000,0x000000077dc7a408,0x000000077dc80000)
  to   space 23552K, 0% used [0x000000077b300000,0x000000077b300000,0x000000077ca00000)
 ParOldGen       total 173568K, used 18236K [0x00000006c2c00000, 0x00000006cd580000, 0x000000076b980000)
  object space 173568K, 10% used [0x00000006c2c00000,0x00000006c3dcf058,0x00000006cd580000)
 Metaspace       used 10489K, capacity 10690K, committed 10752K, reserved 1058816K
  class space    used 1151K, capacity 1221K, committed 1280K, reserved 1048576K
GC Heap History (10 events):
Event: 2.330 GC heap before
{Heap before GC invocations=2 (full 0):
 PSYoungGen      total 75776K, used 75775K [0x000000076b980000, 0x0000000770e00000, 0x00000007c0000000)
  eden space 65024K, 100% used [0x000000076b980000,0x000000076f900000,0x000000076f900000)
  from space 10752K, 99% used [0x000000076f900000,0x000000077037ff70,0x0000000770380000)
  to   space 10752K, 0% used [0x0000000770380000,0x0000000770380000,0x0000000770e00000)
 ParOldGen       total 173568K, used 7804K [0x00000006c2c00000, 0x00000006cd580000, 0x000000076b980000)
  object space 173568K, 4% used [0x00000006c2c00000,0x00000006c339f058,0x00000006cd580000)
 Metaspace       used 10442K, capacity 10626K, committed 10752K, reserved 1058816K
  class space    used 1151K, capacity 1221K, committed 1280K, reserved 1048576K
Event: 2.338 GC heap after
Heap after GC invocations=2 (full 0):
 PSYoungGen      total 75776K, used 10735K [0x000000076b980000, 0x0000000770e00000, 0x00000007c0000000)
  eden space 65024K, 0% used [0x000000076b980000,0x000000076b980000,0x000000076f900000)
  from space 10752K, 99% used [0x0000000770380000,0x0000000770dfbdd0,0x0000000770e00000)
  to   space 10752K, 0% used [0x000000076f900000,0x000000076f900000,0x0000000770380000)
 ParOldGen       total 173568K, used 8620K [0x00000006c2c00000, 0x00000006cd580000, 0x000000076b980000)
  object space 173568K, 4% used [0x00000006c2c00000,0x00000006c346b058,0x00000006cd580000)
 Metaspace       used 10442K, capacity 10626K, committed 10752K, reserved 1058816K
  class space    used 1151K, capacity 1221K, committed 1280K, reserved 1048576K
}
Event: 2.892 GC heap before
{Heap before GC invocations=3 (full 0):
 PSYoungGen      total 75776K, used 74773K [0x000000076b980000, 0x0000000770e00000, 0x00000007c0000000)
  eden space 65024K, 98% used [0x000000076b980000,0x000000076f809708,0x000000076f900000)
  from space 10752K, 99% used [0x0000000770380000,0x0000000770dfbdd0,0x0000000770e00000)
  to   space 10752K, 0% used [0x000000076f900000,0x000000076f900000,0x0000000770380000)
 ParOldGen       total 173568K, used 8620K [0x00000006c2c00000, 0x00000006cd580000, 0x000000076b980000)
  object space 173568K, 4% used [0x00000006c2c00000,0x00000006c346b058,0x00000006cd580000)
 Metaspace       used 10460K, capacity 10690K, committed 10752K, reserved 1058816K
  class space    used 1151K, capacity 1221K, committed 1280K, reserved 1048576K
Event: 2.899 GC heap after
Heap after GC invocations=3 (full 0):
 PSYoungGen      total 75776K, used 10751K [0x000000076b980000, 0x0000000774d80000, 0x00000007c0000000)
  eden space 65024K, 0% used [0x000000076b980000,0x000000076b980000,0x000000076f900000)
  from space 10752K, 99% used [0x000000076f900000,0x000000077037fcb0,0x0000000770380000)
  to   space 10752K, 0% used [0x0000000774300000,0x0000000774300000,0x0000000774d80000)
 ParOldGen       total 173568K, used 9532K [0x00000006c2c00000, 0x00000006cd580000, 0x000000076b980000)
  object space 173568K, 5% used [0x00000006c2c00000,0x00000006c354f058,0x00000006cd580000)
 Metaspace       used 10460K, capacity 10690K, committed 10752K, reserved 1058816K
  class space    used 1151K, capacity 1221K, committed 1280K, reserved 1048576K
}
Event: 3.432 GC heap before
{Heap before GC invocations=4 (full 0):
 PSYoungGen      total 75776K, used 74374K [0x000000076b980000, 0x0000000774d80000, 0x00000007c0000000)
  eden space 65024K, 97% used [0x000000076b980000,0x000000076f7a1dc8,0x000000076f900000)
  from space 10752K, 99% used [0x000000076f900000,0x000000077037fcb0,0x0000000770380000)
  to   space 10752K, 0% used [0x0000000774300000,0x0000000774300000,0x0000000774d80000)
 ParOldGen       total 173568K, used 9532K [0x00000006c2c00000, 0x00000006cd580000, 0x000000076b980000)
  object space 173568K, 5% used [0x00000006c2c00000,0x00000006c354f058,0x00000006cd580000)
 Metaspace       used 10470K, capacity 10690K, committed 10752K, reserved 1058816K
  class space    used 1151K, capacity 1221K, committed 1280K, reserved 1048576K
Event: 3.440 GC heap after
Heap after GC invocations=4 (full 0):
 PSYoungGen      total 140800K, used 10751K [0x000000076b980000, 0x0000000774d80000, 0x00000007c0000000)
  eden space 130048K, 0% used [0x000000076b980000,0x000000076b980000,0x0000000773880000)
  from space 10752K, 99% used [0x0000000774300000,0x0000000774d7fcb0,0x0000000774d80000)
  to   space 10752K, 0% used [0x0000000773880000,0x0000000773880000,0x0000000774300000)
 ParOldGen       total 173568K, used 10236K [0x00000006c2c00000, 0x00000006cd580000, 0x000000076b980000)
  object space 173568K, 5% used [0x00000006c2c00000,0x00000006c35ff058,0x00000006cd580000)
 Metaspace       used 10470K, capacity 10690K, committed 10752K, reserved 1058816K
  class space    used 1151K, capacity 1221K, committed 1280K, reserved 1048576K
}
Event: 4.518 GC heap before
{Heap before GC invocations=5 (full 0):
 PSYoungGen      total 140800K, used 138094K [0x000000076b980000, 0x0000000774d80000, 0x00000007c0000000)
  eden space 130048K, 97% used [0x000000076b980000,0x00000007735dbce8,0x0000000773880000)
  from space 10752K, 99% used [0x0000000774300000,0x0000000774d7fcb0,0x0000000774d80000)
  to   space 10752K, 0% used [0x0000000773880000,0x0000000773880000,0x0000000774300000)
 ParOldGen       total 173568K, used 10236K [0x00000006c2c00000, 0x00000006cd580000, 0x000000076b980000)
  object space 173568K, 5% used [0x00000006c2c00000,0x00000006c35ff058,0x00000006cd580000)
 Metaspace       used 10476K, capacity 10690K, committed 10752K, reserved 1058816K
  class space    used 1151K, capacity 1221K, committed 1280K, reserved 1048576K
Event: 4.536 GC heap after
Heap after GC invocations=5 (full 0):
 PSYoungGen      total 140800K, used 10751K [0x000000076b980000, 0x000000077dc80000, 0x00000007c0000000)
  eden space 130048K, 0% used [0x000000076b980000,0x000000076b980000,0x0000000773880000)
  from space 10752K, 99% used [0x0000000773880000,0x00000007742ffcd0,0x0000000774300000)
  to   space 18944K, 0% used [0x000000077ca00000,0x000000077ca00000,0x000000077dc80000)
 ParOldGen       total 173568K, used 14204K [0x00000006c2c00000, 0x00000006cd580000, 0x000000076b980000)
  object space 173568K, 8% used [0x00000006c2c00000,0x00000006c39df058,0x00000006cd580000)
 Metaspace       used 10476K, capacity 10690K, committed 10752K, reserved 1058816K
  class space    used 1151K, capacity 1221K, committed 1280K, reserved 1048576K
}
Event: 5.630 GC heap before
{Heap before GC invocations=6 (full 0):
 PSYoungGen      total 140800K, used 140799K [0x000000076b980000, 0x000000077dc80000, 0x00000007c0000000)
  eden space 130048K, 100% used [0x000000076b980000,0x0000000773880000,0x0000000773880000)
  from space 10752K, 99% used [0x0000000773880000,0x00000007742ffcd0,0x0000000774300000)
  to   space 18944K, 0% used [0x000000077ca00000,0x000000077ca00000,0x000000077dc80000)
 ParOldGen       total 173568K, used 14204K [0x00000006c2c00000, 0x00000006cd580000, 0x000000076b980000)
  object space 173568K, 8% used [0x00000006c2c00000,0x00000006c39df058,0x00000006cd580000)
 Metaspace       used 10480K, capacity 10690K, committed 10752K, reserved 1058816K
  class space    used 1151K, capacity 1221K, committed 1280K, reserved 1048576K
Event: 5.645 GC heap after
Heap after GC invocations=6 (full 0):
 PSYoungGen      total 274432K, used 18921K [0x000000076b980000, 0x000000077e580000, 0x00000007c0000000)
  eden space 255488K, 0% used [0x000000076b980000,0x000000076b980000,0x000000077b300000)
  from space 18944K, 99% used [0x000000077ca00000,0x000000077dc7a408,0x000000077dc80000)
  to   space 23552K, 0% used [0x000000077b300000,0x000000077b300000,0x000000077ca00000)
 ParOldGen       total 173568K, used 18236K [0x00000006c2c00000, 0x00000006cd580000, 0x000000076b980000)
  object space 173568K, 10% used [0x00000006c2c00000,0x00000006c3dcf058,0x00000006cd580000)
 Metaspace       used 10480K, capacity 10690K, committed 10752K, reserved 1058816K
  class space    used 1151K, capacity 1221K, committed 1280K, reserved 1048576K
}

