# JRE version: OpenJDK Runtime Environment (8.0_252-b09) (build 1.8.0_252-b09)
# Java VM: OpenJDK 64-Bit Server VM (25.252-b09 mixed mode windows-amd64 compressed oops)
Heap:
 PSYoungGen      total 55296K, used 49785K [0x000000076b980000, 0x0000000771c00000, 0x00000007c0000000)
  eden space 54784K, 90% used [0x000000076b980000,0x000000076e9de5e8,0x000000076ef00000)
  from space 512K, 50% used [0x000000076f000000,0x000000076f040000,0x000000076f080000)
  to   space 23040K, 0% used [0x0000000770580000,0x0000000770580000,0x0000000771c00000)
 ParOldGen       total 173568K, used 50770K [0x00000006c2c00000, 0x00000006cd580000, 0x000000076b980000)
  object space 173568K, 29% used [0x00000006c2c00000,0x00000006c5d94950,0x00000006cd580000)
 Metaspace       used 9209K, capacity 9462K, committed 9600K, reserved 1058816K
  class space    used 971K, capacity 1061K, committed 1152K, reserved 1048576K
GC Heap History (10 events):
Event: 11.339 GC heap before
{Heap before GC invocations=9 (full 0):
 PSYoungGen      total 83456K, used 59974K [0x000000076b980000, 0x0000000772300000, 0x00000007c0000000)
  eden space 59904K, 99% used [0x000000076b980000,0x000000076f3d1910,0x000000076f400000)
  from space 23552K, 1% used [0x0000000770c00000,0x0000000770c40000,0x0000000772300000)
  to   space 24064K, 0% used [0x000000076f400000,0x000000076f400000,0x0000000770b80000)
 ParOldGen       total 173568K, used 50578K [0x00000006c2c00000, 0x00000006cd580000, 0x000000076b980000)
  object space 173568K, 29% used [0x00000006c2c00000,0x00000006c5d64950,0x00000006cd580000)
 Metaspace       used 9054K, capacity 9270K, committed 9600K, reserved 1058816K
  class space    used 971K, capacity 1061K, committed 1152K, reserved 1048576K
Event: 11.340 GC heap after
Heap after GC invocations=9 (full 0):
 PSYoungGen      total 59392K, used 224K [0x000000076b980000, 0x0000000772300000, 0x00000007c0000000)
  eden space 58880K, 0% used [0x000000076b980000,0x000000076b980000,0x000000076f300000)
  from space 512K, 43% used [0x000000076f400000,0x000000076f438000,0x000000076f480000)
  to   space 24576K, 0% used [0x0000000770b00000,0x0000000770b00000,0x0000000772300000)
 ParOldGen       total 173568K, used 50602K [0x00000006c2c00000, 0x00000006cd580000, 0x000000076b980000)
  object space 173568K, 29% used [0x00000006c2c00000,0x00000006c5d6a950,0x00000006cd580000)
 Metaspace       used 9054K, capacity 9270K, committed 9600K, reserved 1058816K
  class space    used 971K, capacity 1061K, committed 1152K, reserved 1048576K
}
Event: 12.416 GC heap before
{Heap before GC invocations=10 (full 0):
 PSYoungGen      total 59392K, used 59082K [0x000000076b980000, 0x0000000772300000, 0x00000007c0000000)
  eden space 58880K, 99% used [0x000000076b980000,0x000000076f2fa970,0x000000076f300000)
  from space 512K, 43% used [0x000000076f400000,0x000000076f438000,0x000000076f480000)
  to   space 24576K, 0% used [0x0000000770b00000,0x0000000770b00000,0x0000000772300000)
 ParOldGen       total 173568K, used 50602K [0x00000006c2c00000, 0x00000006cd580000, 0x000000076b980000)
  object space 173568K, 29% used [0x00000006c2c00000,0x00000006c5d6a950,0x00000006cd580000)
 Metaspace       used 9058K, capacity 9270K, committed 9600K, reserved 1058816K
  class space    used 971K, capacity 1061K, committed 1152K, reserved 1048576K
Event: 12.417 GC heap after
Heap after GC invocations=10 (full 0):
 PSYoungGen      total 80384K, used 1188K [0x000000076b980000, 0x0000000772100000, 0x00000007c0000000)
  eden space 57856K, 0% used [0x000000076b980000,0x000000076b980000,0x000000076f200000)
  from space 22528K, 5% used [0x0000000770b00000,0x0000000770c29010,0x0000000772100000)
  to   space 24064K, 0% used [0x000000076f200000,0x000000076f200000,0x0000000770980000)
 ParOldGen       total 173568K, used 50650K [0x00000006c2c00000, 0x00000006cd580000, 0x000000076b980000)
  object space 173568K, 29% used [0x00000006c2c00000,0x00000006c5d76950,0x00000006cd580000)
 Metaspace       used 9058K, capacity 9270K, committed 9600K, reserved 1058816K
  class space    used 971K, capacity 1061K, committed 1152K, reserved 1048576K
}
Event: 13.489 GC heap before
{Heap before GC invocations=11 (full 0):
 PSYoungGen      total 80384K, used 58195K [0x000000076b980000, 0x0000000772100000, 0x00000007c0000000)
  eden space 57856K, 98% used [0x000000076b980000,0x000000076f12bfa0,0x000000076f200000)
  from space 22528K, 5% used [0x0000000770b00000,0x0000000770c29010,0x0000000772100000)
  to   space 24064K, 0% used [0x000000076f200000,0x000000076f200000,0x0000000770980000)
 ParOldGen       total 173568K, used 50650K [0x00000006c2c00000, 0x00000006cd580000, 0x000000076b980000)
  object space 173568K, 29% used [0x00000006c2c00000,0x00000006c5d76950,0x00000006cd580000)
 Metaspace       used 9074K, capacity 9334K, committed 9600K, reserved 1058816K
  class space    used 971K, capacity 1061K, committed 1152K, reserved 1048576K
Event: 13.492 GC heap after
Heap after GC invocations=11 (full 0):
 PSYoungGen      total 57344K, used 192K [0x000000076b980000, 0x0000000772000000, 0x00000007c0000000)
  eden space 56832K, 0% used [0x000000076b980000,0x000000076b980000,0x000000076f100000)
  from space 512K, 37% used [0x000000076f200000,0x000000076f230000,0x000000076f280000)
  to   space 24064K, 0% used [0x0000000770880000,0x0000000770880000,0x0000000772000000)
 ParOldGen       total 173568K, used 50666K [0x00000006c2c00000, 0x00000006cd580000, 0x000000076b980000)
  object space 173568K, 29% used [0x00000006c2c00000,0x00000006c5d7a950,0x00000006cd580000)
 Metaspace       used 9074K, capacity 9334K, committed 9600K, reserved 1058816K
  class space    used 971K, capacity 1061K, committed 1152K, reserved 1048576K
}
Event: 14.492 GC heap before
{Heap before GC invocations=12 (full 0):
 PSYoungGen      total 57344K, used 56160K [0x000000076b980000, 0x0000000772000000, 0x00000007c0000000)
  eden space 56832K, 98% used [0x000000076b980000,0x000000076f0281d8,0x000000076f100000)
  from space 512K, 37% used [0x000000076f200000,0x000000076f230000,0x000000076f280000)
  to   space 24064K, 0% used [0x0000000770880000,0x0000000770880000,0x0000000772000000)
 ParOldGen       total 173568K, used 50666K [0x00000006c2c00000, 0x00000006cd580000, 0x000000076b980000)
  object space 173568K, 29% used [0x00000006c2c00000,0x00000006c5d7a950,0x00000006cd580000)
 Metaspace       used 9206K, capacity 9462K, committed 9600K, reserved 1058816K
  class space    used 971K, capacity 1061K, committed 1152K, reserved 1048576K
Event: 14.493 GC heap after
Heap after GC invocations=12 (full 0):
 PSYoungGen      total 77824K, used 1220K [0x000000076b980000, 0x0000000771e00000, 0x00000007c0000000)
  eden space 55808K, 0% used [0x000000076b980000,0x000000076b980000,0x000000076f000000)
  from space 22016K, 5% used [0x0000000770880000,0x00000007709b1010,0x0000000771e00000)
  to   space 23552K, 0% used [0x000000076f000000,0x000000076f000000,0x0000000770700000)
 ParOldGen       total 173568K, used 50714K [0x00000006c2c00000, 0x00000006cd580000, 0x000000076b980000)
  object space 173568K, 29% used [0x00000006c2c00000,0x00000006c5d86950,0x00000006cd580000)
 Metaspace       used 9206K, capacity 9462K, committed 9600K, reserved 1058816K
  class space    used 971K, capacity 1061K, committed 1152K, reserved 1048576K
}
Event: 15.535 GC heap before
{Heap before GC invocations=13 (full 0):
 PSYoungGen      total 77824K, used 56357K [0x000000076b980000, 0x0000000771e00000, 0x00000007c0000000)
  eden space 55808K, 98% used [0x000000076b980000,0x000000076ef585f8,0x000000076f000000)
  from space 22016K, 5% used [0x0000000770880000,0x00000007709b1010,0x0000000771e00000)
  to   space 23552K, 0% used [0x000000076f000000,0x000000076f000000,0x0000000770700000)
 ParOldGen       total 173568K, used 50714K [0x00000006c2c00000, 0x00000006cd580000, 0x000000076b980000)
  object space 173568K, 29% used [0x00000006c2c00000,0x00000006c5d86950,0x00000006cd580000)
 Metaspace       used 9208K, capacity 9462K, committed 9600K, reserved 1058816K
  class space    used 971K, capacity 1061K, committed 1152K, reserved 1048576K
Event: 15.537 GC heap after
Heap after GC invocations=13 (full 0):
 PSYoungGen      total 55296K, used 256K [0x000000076b980000, 0x0000000771c00000, 0x00000007c0000000)
  eden space 54784K, 0% used [0x000000076b980000,0x000000076b980000,0x000000076ef00000)
  from space 512K, 50% used [0x000000076f000000,0x000000076f040000,0x000000076f080000)
  to   space 23040K, 0% used [0x0000000770580000,0x0000000770580000,0x0000000771c00000)
 ParOldGen       total 173568K, used 50770K [0x00000006c2c00000, 0x00000006cd580000, 0x000000076b980000)
  object space 173568K, 29% used [0x00000006c2c00000,0x00000006c5d94950,0x00000006cd580000)
 Metaspace       used 9208K, capacity 9462K, committed 9600K, reserved 1058816K
  class space    used 971K, capacity 1061K, committed 1152K, reserved 1048576K
}

